[2016-06-25 15:11:22] local.ERROR: exception 'ReflectionException' with message 'Class captcha does not exist' in C:\xampp\htdocs\vicariati50\vendor\compiled.php:1068
Stack trace:
#0 C:\xampp\htdocs\vicariati50\vendor\compiled.php(1068): ReflectionClass->__construct('captcha')
#1 C:\xampp\htdocs\vicariati50\vendor\compiled.php(1019): Illuminate\Container\Container->build('captcha', Array)
#2 C:\xampp\htdocs\vicariati50\vendor\compiled.php(1543): Illuminate\Container\Container->make('captcha', Array)
#3 C:\xampp\htdocs\vicariati50\vendor\laravel\framework\src\Illuminate\Foundation\helpers.php(54): Illuminate\Foundation\Application->make('captcha', Array)
#4 C:\xampp\htdocs\vicariati50\storage\framework\views\3c2fa3a2b43d8947ec67577b6edb47ba(45): app('captcha')
#5 C:\xampp\htdocs\vicariati50\vendor\compiled.php(14154): include('C:\\xampp\\htdocs...')
#6 C:\xampp\htdocs\vicariati50\vendor\compiled.php(14188): Illuminate\View\Engines\PhpEngine->evaluatePath('C:\\xampp\\htdocs...', Array)
#7 C:\xampp\htdocs\vicariati50\vendor\compiled.php(14025): Illuminate\View\Engines\CompilerEngine->get('C:\\xampp\\htdocs...', Array)
#8 C:\xampp\htdocs\vicariati50\vendor\compiled.php(14012): Illuminate\View\View->getContents()
#9 C:\xampp\htdocs\vicariati50\vendor\compiled.php(13999): Illuminate\View\View->renderContents()
#10 C:\xampp\htdocs\vicariati50\vendor\compiled.php(15108): Illuminate\View\View->render()
#11 C:\xampp\htdocs\vicariati50\vendor\compiled.php(14634): Illuminate\Http\Response->setContent(Object(Illuminate\View\View))
#12 C:\xampp\htdocs\vicariati50\vendor\compiled.php(7419): Symfony\Component\HttpFoundation\Response->__construct(Object(Illuminate\View\View))
#13 C:\xampp\htdocs\vicariati50\vendor\compiled.php(7219): Illuminate\Routing\Router->prepareResponse(Object(Illuminate\Http\Request), Object(Illuminate\View\View))
#14 [internal function]: Illuminate\Routing\Router->Illuminate\Routing\{closure}(Object(Illuminate\Http\Request))
#15 C:\xampp\htdocs\vicariati50\vendor\compiled.php(9244): call_user_func(Object(Closure), Object(Illuminate\Http\Request))
#16 [internal function]: Illuminate\Pipeline\Pipeline->Illuminate\Pipeline\{closure}(Object(Illuminate\Http\Request))
#17 C:\xampp\htdocs\vicariati50\vendor\compiled.php(9227): call_user_func(Object(Closure), Object(Illuminate\Http\Request))
#18 C:\xampp\htdocs\vicariati50\vendor\compiled.php(7220): Illuminate\Pipeline\Pipeline->then(Object(Closure))
#19 C:\xampp\htdocs\vicariati50\vendor\compiled.php(7209): Illuminate\Routing\Router->runRouteWithinStack(Object(Illuminate\Routing\Route), Object(Illuminate\Http\Request))
#20 C:\xampp\htdocs\vicariati50\vendor\compiled.php(7194): Illuminate\Routing\Router->dispatchToRoute(Object(Illuminate\Http\Request))
#21 C:\xampp\htdocs\vicariati50\vendor\compiled.php(2040): Illuminate\Routing\Router->dispatch(Object(Illuminate\Http\Request))
#22 [internal function]: Illuminate\Foundation\Http\Kernel->Illuminate\Foundation\Http\{closure}(Object(Illuminate\Http\Request))
#23 C:\xampp\htdocs\vicariati50\vendor\compiled.php(9244): call_user_func(Object(Closure), Object(Illuminate\Http\Request))
#24 C:\xampp\htdocs\vicariati50\vendor\compiled.php(12416): Illuminate\Pipeline\Pipeline->Illuminate\Pipeline\{closure}(Object(Illuminate\Http\Request))
#25 C:\xampp\htdocs\vicariati50\vendor\compiled.php(9236): Illuminate\View\Middleware\ShareErrorsFromSession->handle(Object(Illuminate\Http\Request), Object(Closure))
#26 C:\xampp\htdocs\vicariati50\vendor\compiled.php(11106): Illuminate\Pipeline\Pipeline->Illuminate\Pipeline\{closure}(Object(Illuminate\Http\Request))
#27 C:\xampp\htdocs\vicariati50\vendor\compiled.php(9236): Illuminate\Session\Middleware\StartSession->handle(Object(Illuminate\Http\Request), Object(Closure))
#28 C:\xampp\htdocs\vicariati50\vendor\compiled.php(12118): Illuminate\Pipeline\Pipeline->Illuminate\Pipeline\{closure}(Object(Illuminate\Http\Request))
#29 C:\xampp\htdocs\vicariati50\vendor\compiled.php(9236): Illuminate\Cookie\Middleware\AddQueuedCookiesToResponse->handle(Object(Illuminate\Http\Request), Object(Closure))
#30 C:\xampp\htdocs\vicariati50\vendor\compiled.php(12066): Illuminate\Pipeline\Pipeline->Illuminate\Pipeline\{closure}(Object(Illuminate\Http\Request))
#31 C:\xampp\htdocs\vicariati50\vendor\compiled.php(9236): Illuminate\Cookie\Middleware\EncryptCookies->handle(Object(Illuminate\Http\Request), Object(Closure))
#32 C:\xampp\htdocs\vicariati50\vendor\compiled.php(2589): Illuminate\Pipeline\Pipeline->Illuminate\Pipeline\{closure}(Object(Illuminate\Http\Request))
#33 C:\xampp\htdocs\vicariati50\vendor\compiled.php(9236): Illuminate\Foundation\Http\Middleware\CheckForMaintenanceMode->handle(Object(Illuminate\Http\Request), Object(Closure))
#34 [internal function]: Illuminate\Pipeline\Pipeline->Illuminate\Pipeline\{closure}(Object(Illuminate\Http\Request))
#35 C:\xampp\htdocs\vicariati50\vendor\compiled.php(9227): call_user_func(Object(Closure), Object(Illuminate\Http\Request))
#36 C:\xampp\htdocs\vicariati50\vendor\compiled.php(1996): Illuminate\Pipeline\Pipeline->then(Object(Closure))
#37 C:\xampp\htdocs\vicariati50\vendor\compiled.php(1983): Illuminate\Foundation\Http\Kernel->sendRequestThroughRouter(Object(Illuminate\Http\Request))
#38 C:\xampp\htdocs\vicariati50\public\index.php(55): Illuminate\Foundation\Http\Kernel->handle(Object(Illuminate\Http\Request))
#39 {main}

Next exception 'ErrorException' with message 'Class captcha does not exist (View: C:\xampp\htdocs\vicariati50\resources\views\contatti\contactMain.blade.php)' in C:\xampp\htdocs\vicariati50\vendor\compiled.php:1068
Stack trace:
#0 C:\xampp\htdocs\vicariati50\vendor\compiled.php(14156): Illuminate\View\Engines\CompilerEngine->handleViewException(Object(ReflectionException), 1)
#1 C:\xampp\htdocs\vicariati50\vendor\compiled.php(14188): Illuminate\View\Engines\PhpEngine->evaluatePath('C:\\xampp\\htdocs...', Array)
#2 C:\xampp\htdocs\vicariati50\vendor\compiled.php(14025): Illuminate\View\Engines\CompilerEngine->get('C:\\xampp\\htdocs...', Array)
#3 C:\xampp\htdocs\vicariati50\vendor\compiled.php(14012): Illuminate\View\View->getContents()
#4 C:\xampp\htdocs\vicariati50\vendor\compiled.php(13999): Illuminate\View\View->renderContents()
#5 C:\xampp\htdocs\vicariati50\vendor\compiled.php(15108): Illuminate\View\View->render()
#6 C:\xampp\htdocs\vicariati50\vendor\compiled.php(14634): Illuminate\Http\Response->setContent(Object(Illuminate\View\View))
#7 C:\xampp\htdocs\vicariati50\vendor\compiled.php(7419): Symfony\Component\HttpFoundation\Response->__construct(Object(Illuminate\View\View))
#8 C:\xampp\htdocs\vicariati50\vendor\compiled.php(7219): Illuminate\Routing\Router->prepareResponse(Object(Illuminate\Http\Request), Object(Illuminate\View\View))
#9 [internal function]: Illuminate\Routing\Router->Illuminate\Routing\{closure}(Object(Illuminate\Http\Request))
#10 C:\xampp\htdocs\vicariati50\vendor\compiled.php(9244): call_user_func(Object(Closure), Object(Illuminate\Http\Request))
#11 [internal function]: Illuminate\Pipeline\Pipeline->Illuminate\Pipeline\{closure}(Object(Illuminate\Http\Request))
#12 C:\xampp\htdocs\vicariati50\vendor\compiled.php(9227): call_user_func(Object(Closure), Object(Illuminate\Http\Request))
#13 C:\xampp\htdocs\vicariati50\vendor\compiled.php(7220): Illuminate\Pipeline\Pipeline->then(Object(Closure))
#14 C:\xampp\htdocs\vicariati50\vendor\compiled.php(7209): Illuminate\Routing\Router->runRouteWithinStack(Object(Illuminate\Routing\Route), Object(Illuminate\Http\Request))
#15 C:\xampp\htdocs\vicariati50\vendor\compiled.php(7194): Illuminate\Routing\Router->dispatchToRoute(Object(Illuminate\Http\Request))
#16 C:\xampp\htdocs\vicariati50\vendor\compiled.php(2040): Illuminate\Routing\Router->dispatch(Object(Illuminate\Http\Request))
#17 [internal function]: Illuminate\Foundation\Http\Kernel->Illuminate\Foundation\Http\{closure}(Object(Illuminate\Http\Request))
#18 C:\xampp\htdocs\vicariati50\vendor\compiled.php(9244): call_user_func(Object(Closure), Object(Illuminate\Http\Request))
#19 C:\xampp\htdocs\vicariati50\vendor\compiled.php(12416): Illuminate\Pipeline\Pipeline->Illuminate\Pipeline\{closure}(Object(Illuminate\Http\Request))
#20 C:\xampp\htdocs\vicariati50\vendor\compiled.php(9236): Illuminate\View\Middleware\ShareErrorsFromSession->handle(Object(Illuminate\Http\Request), Object(Closure))
#21 C:\xampp\htdocs\vicariati50\vendor\compiled.php(11106): Illuminate\Pipeline\Pipeline->Illuminate\Pipeline\{closure}(Object(Illuminate\Http\Request))
#22 C:\xampp\htdocs\vicariati50\vendor\compiled.php(9236): Illuminate\Session\Middleware\StartSession->handle(Object(Illuminate\Http\Request), Object(Closure))
#23 C:\xampp\htdocs\vicariati50\vendor\compiled.php(12118): Illuminate\Pipeline\Pipeline->Illuminate\Pipeline\{closure}(Object(Illuminate\Http\Request))
#24 C:\xampp\htdocs\vicariati50\vendor\compiled.php(9236): Illuminate\Cookie\Middleware\AddQueuedCookiesToResponse->handle(Object(Illuminate\Http\Request), Object(Closure))
#25 C:\xampp\htdocs\vicariati50\vendor\compiled.php(12066): Illuminate\Pipeline\Pipeline->Illuminate\Pipeline\{closure}(Object(Illuminate\Http\Request))
#26 C:\xampp\htdocs\vicariati50\vendor\compiled.php(9236): Illuminate\Cookie\Middleware\EncryptCookies->handle(Object(Illuminate\Http\Request), Object(Closure))
#27 C:\xampp\htdocs\vicariati50\vendor\compiled.php(2589): Illuminate\Pipeline\Pipeline->Illuminate\Pipeline\{closure}(Object(Illuminate\Http\Request))
#28 C:\xampp\htdocs\vicariati50\vendor\compiled.php(9236): Illuminate\Foundation\Http\Middleware\CheckForMaintenanceMode->handle(Object(Illuminate\Http\Request), Object(Closure))
#29 [internal function]: Illuminate\Pipeline\Pipeline->Illuminate\Pipeline\{closure}(Object(Illuminate\Http\Request))
#30 C:\xampp\htdocs\vicariati50\vendor\compiled.php(9227): call_user_func(Object(Closure), Object(Illuminate\Http\Request))
#31 C:\xampp\htdocs\vicariati50\vendor\compiled.php(1996): Illuminate\Pipeline\Pipeline->then(Object(Closure))
#32 C:\xampp\htdocs\vicariati50\vendor\compiled.php(1983): Illuminate\Foundation\Http\Kernel->sendRequestThroughRouter(Object(Illuminate\Http\Request))
#33 C:\xampp\htdocs\vicariati50\public\index.php(55): Illuminate\Foundation\Http\Kernel->handle(Object(Illuminate\Http\Request))
#34 {main}  
[2016-06-25 22:12:56] local.ERROR: exception 'ReflectionException' with message 'Class captcha does not exist' in C:\xampp\htdocs\vicariati50\vendor\compiled.php:1068
Stack trace:
#0 C:\xampp\htdocs\vicariati50\vendor\compiled.php(1068): ReflectionClass->__construct('captcha')
#1 C:\xampp\htdocs\vicariati50\vendor\compiled.php(1019): Illuminate\Container\Container->build('captcha', Array)
#2 C:\xampp\htdocs\vicariati50\vendor\compiled.php(1543): Illuminate\Container\Container->make('captcha', Array)
#3 C:\xampp\htdocs\vicariati50\vendor\laravel\framework\src\Illuminate\Foundation\helpers.php(54): Illuminate\Foundation\Application->make('captcha', Array)
#4 C:\xampp\htdocs\vicariati50\storage\framework\views\3c2fa3a2b43d8947ec67577b6edb47ba(45): app('captcha')
#5 C:\xampp\htdocs\vicariati50\vendor\compiled.php(14154): include('C:\\xampp\\htdocs...')
#6 C:\xampp\htdocs\vicariati50\vendor\compiled.php(14188): Illuminate\View\Engines\PhpEngine->evaluatePath('C:\\xampp\\htdocs...', Array)
#7 C:\xampp\htdocs\vicariati50\vendor\compiled.php(14025): Illuminate\View\Engines\CompilerEngine->get('C:\\xampp\\htdocs...', Array)
#8 C:\xampp\htdocs\vicariati50\vendor\compiled.php(14012): Illuminate\View\View->getContents()
#9 C:\xampp\htdocs\vicariati50\vendor\compiled.php(13999): Illuminate\View\View->renderContents()
#10 C:\xampp\htdocs\vicariati50\vendor\compiled.php(15108): Illuminate\View\View->render()
#11 C:\xampp\htdocs\vicariati50\vendor\compiled.php(14634): Illuminate\Http\Response->setContent(Object(Illuminate\View\View))
#12 C:\xampp\htdocs\vicariati50\vendor\compiled.php(7419): Symfony\Component\HttpFoundation\Response->__construct(Object(Illuminate\View\View))
#13 C:\xampp\htdocs\vicariati50\vendor\compiled.php(7219): Illuminate\Routing\Router->prepareResponse(Object(Illuminate\Http\Request), Object(Illuminate\View\View))
#14 [internal function]: Illuminate\Routing\Router->Illuminate\Routing\{closure}(Object(Illuminate\Http\Request))
#15 C:\xampp\htdocs\vicariati50\vendor\compiled.php(9244): call_user_func(Object(Closure), Object(Illuminate\Http\Request))
#16 [internal function]: Illuminate\Pipeline\Pipeline->Illuminate\Pipeline\{closure}(Object(Illuminate\Http\Request))
#17 C:\xampp\htdocs\vicariati50\vendor\compiled.php(9227): call_user_func(Object(Closure), Object(Illuminate\Http\Request))
#18 C:\xampp\htdocs\vicariati50\vendor\compiled.php(7220): Illuminate\Pipeline\Pipeline->then(Object(Closure))
#19 C:\xampp\htdocs\vicariati50\vendor\compiled.php(7209): Illuminate\Routing\Router->runRouteWithinStack(Object(Illuminate\Routing\Route), Object(Illuminate\Http\Request))
#20 C:\xampp\htdocs\vicariati50\vendor\compiled.php(7194): Illuminate\Routing\Router->dispatchToRoute(Object(Illuminate\Http\Request))
#21 C:\xampp\htdocs\vicariati50\vendor\compiled.php(2040): Illuminate\Routing\Router->dispatch(Object(Illuminate\Http\Request))
#22 [internal function]: Illuminate\Foundation\Http\Kernel->Illuminate\Foundation\Http\{closure}(Object(Illuminate\Http\Request))
#23 C:\xampp\htdocs\vicariati50\vendor\compiled.php(9244): call_user_func(Object(Closure), Object(Illuminate\Http\Request))
#24 C:\xampp\htdocs\vicariati50\vendor\compiled.php(12416): Illuminate\Pipeline\Pipeline->Illuminate\Pipeline\{closure}(Object(Illuminate\Http\Request))
#25 C:\xampp\htdocs\vicariati50\vendor\compiled.php(9236): Illuminate\View\Middleware\ShareErrorsFromSession->handle(Object(Illuminate\Http\Request), Object(Closure))
#26 C:\xampp\htdocs\vicariati50\vendor\compiled.php(11106): Illuminate\Pipeline\Pipeline->Illuminate\Pipeline\{closure}(Object(Illuminate\Http\Request))
#27 C:\xampp\htdocs\vicariati50\vendor\compiled.php(9236): Illuminate\Session\Middleware\StartSession->handle(Object(Illuminate\Http\Request), Object(Closure))
#28 C:\xampp\htdocs\vicariati50\vendor\compiled.php(12118): Illuminate\Pipeline\Pipeline->Illuminate\Pipeline\{closure}(Object(Illuminate\Http\Request))
#29 C:\xampp\htdocs\vicariati50\vendor\compiled.php(9236): Illuminate\Cookie\Middleware\AddQueuedCookiesToResponse->handle(Object(Illuminate\Http\Request), Object(Closure))
#30 C:\xampp\htdocs\vicariati50\vendor\compiled.php(12066): Illuminate\Pipeline\Pipeline->Illuminate\Pipeline\{closure}(Object(Illuminate\Http\Request))
#31 C:\xampp\htdocs\vicariati50\vendor\compiled.php(9236): Illuminate\Cookie\Middleware\EncryptCookies->handle(Object(Illuminate\Http\Request), Object(Closure))
#32 C:\xampp\htdocs\vicariati50\vendor\compiled.php(2589): Illuminate\Pipeline\Pipeline->Illuminate\Pipeline\{closure}(Object(Illuminate\Http\Request))
#33 C:\xampp\htdocs\vicariati50\vendor\compiled.php(9236): Illuminate\Foundation\Http\Middleware\CheckForMaintenanceMode->handle(Object(Illuminate\Http\Request), Object(Closure))
#34 [internal function]: Illuminate\Pipeline\Pipeline->Illuminate\Pipeline\{closure}(Object(Illuminate\Http\Request))
#35 C:\xampp\htdocs\vicariati50\vendor\compiled.php(9227): call_user_func(Object(Closure), Object(Illuminate\Http\Request))
#36 C:\xampp\htdocs\vicariati50\vendor\compiled.php(1996): Illuminate\Pipeline\Pipeline->then(Object(Closure))
#37 C:\xampp\htdocs\vicariati50\vendor\compiled.php(1983): Illuminate\Foundation\Http\Kernel->sendRequestThroughRouter(Object(Illuminate\Http\Request))
#38 C:\xampp\htdocs\vicariati50\public\index.php(55): Illuminate\Foundation\Http\Kernel->handle(Object(Illuminate\Http\Request))
#39 {main}

Next exception 'ErrorException' with message 'Class captcha does not exist (View: C:\xampp\htdocs\vicariati50\resources\views\contatti\contactMain.blade.php)' in C:\xampp\htdocs\vicariati50\vendor\compiled.php:1068
Stack trace:
#0 C:\xampp\htdocs\vicariati50\vendor\compiled.php(14156): Illuminate\View\Engines\CompilerEngine->handleViewException(Object(ReflectionException), 1)
#1 C:\xampp\htdocs\vicariati50\vendor\compiled.php(14188): Illuminate\View\Engines\PhpEngine->evaluatePath('C:\\xampp\\htdocs...', Array)
#2 C:\xampp\htdocs\vicariati50\vendor\compiled.php(14025): Illuminate\View\Engines\CompilerEngine->get('C:\\xampp\\htdocs...', Array)
#3 C:\xampp\htdocs\vicariati50\vendor\compiled.php(14012): Illuminate\View\View->getContents()
#4 C:\xampp\htdocs\vicariati50\vendor\compiled.php(13999): Illuminate\View\View->renderContents()
#5 C:\xampp\htdocs\vicariati50\vendor\compiled.php(15108): Illuminate\View\View->render()
#6 C:\xampp\htdocs\vicariati50\vendor\compiled.php(14634): Illuminate\Http\Response->setContent(Object(Illuminate\View\View))
#7 C:\xampp\htdocs\vicariati50\vendor\compiled.php(7419): Symfony\Component\HttpFoundation\Response->__construct(Object(Illuminate\View\View))
#8 C:\xampp\htdocs\vicariati50\vendor\compiled.php(7219): Illuminate\Routing\Router->prepareResponse(Object(Illuminate\Http\Request), Object(Illuminate\View\View))
#9 [internal function]: Illuminate\Routing\Router->Illuminate\Routing\{closure}(Object(Illuminate\Http\Request))
#10 C:\xampp\htdocs\vicariati50\vendor\compiled.php(9244): call_user_func(Object(Closure), Object(Illuminate\Http\Request))
#11 [internal function]: Illuminate\Pipeline\Pipeline->Illuminate\Pipeline\{closure}(Object(Illuminate\Http\Request))
#12 C:\xampp\htdocs\vicariati50\vendor\compiled.php(9227): call_user_func(Object(Closure), Object(Illuminate\Http\Request))
#13 C:\xampp\htdocs\vicariati50\vendor\compiled.php(7220): Illuminate\Pipeline\Pipeline->then(Object(Closure))
#14 C:\xampp\htdocs\vicariati50\vendor\compiled.php(7209): Illuminate\Routing\Router->runRouteWithinStack(Object(Illuminate\Routing\Route), Object(Illuminate\Http\Request))
#15 C:\xampp\htdocs\vicariati50\vendor\compiled.php(7194): Illuminate\Routing\Router->dispatchToRoute(Object(Illuminate\Http\Request))
#16 C:\xampp\htdocs\vicariati50\vendor\compiled.php(2040): Illuminate\Routing\Router->dispatch(Object(Illuminate\Http\Request))
#17 [internal function]: Illuminate\Foundation\Http\Kernel->Illuminate\Foundation\Http\{closure}(Object(Illuminate\Http\Request))
#18 C:\xampp\htdocs\vicariati50\vendor\compiled.php(9244): call_user_func(Object(Closure), Object(Illuminate\Http\Request))
#19 C:\xampp\htdocs\vicariati50\vendor\compiled.php(12416): Illuminate\Pipeline\Pipeline->Illuminate\Pipeline\{closure}(Object(Illuminate\Http\Request))
#20 C:\xampp\htdocs\vicariati50\vendor\compiled.php(9236): Illuminate\View\Middleware\ShareErrorsFromSession->handle(Object(Illuminate\Http\Request), Object(Closure))
#21 C:\xampp\htdocs\vicariati50\vendor\compiled.php(11106): Illuminate\Pipeline\Pipeline->Illuminate\Pipeline\{closure}(Object(Illuminate\Http\Request))
#22 C:\xampp\htdocs\vicariati50\vendor\compiled.php(9236): Illuminate\Session\Middleware\StartSession->handle(Object(Illuminate\Http\Request), Object(Closure))
#23 C:\xampp\htdocs\vicariati50\vendor\compiled.php(12118): Illuminate\Pipeline\Pipeline->Illuminate\Pipeline\{closure}(Object(Illuminate\Http\Request))
#24 C:\xampp\htdocs\vicariati50\vendor\compiled.php(9236): Illuminate\Cookie\Middleware\AddQueuedCookiesToResponse->handle(Object(Illuminate\Http\Request), Object(Closure))
#25 C:\xampp\htdocs\vicariati50\vendor\compiled.php(12066): Illuminate\Pipeline\Pipeline->Illuminate\Pipeline\{closure}(Object(Illuminate\Http\Request))
#26 C:\xampp\htdocs\vicariati50\vendor\compiled.php(9236): Illuminate\Cookie\Middleware\EncryptCookies->handle(Object(Illuminate\Http\Request), Object(Closure))
#27 C:\xampp\htdocs\vicariati50\vendor\compiled.php(2589): Illuminate\Pipeline\Pipeline->Illuminate\Pipeline\{closure}(Object(Illuminate\Http\Request))
#28 C:\xampp\htdocs\vicariati50\vendor\compiled.php(9236): Illuminate\Foundation\Http\Middleware\CheckForMaintenanceMode->handle(Object(Illuminate\Http\Request), Object(Closure))
#29 [internal function]: Illuminate\Pipeline\Pipeline->Illuminate\Pipeline\{closure}(Object(Illuminate\Http\Request))
#30 C:\xampp\htdocs\vicariati50\vendor\compiled.php(9227): call_user_func(Object(Closure), Object(Illuminate\Http\Request))
#31 C:\xampp\htdocs\vicariati50\vendor\compiled.php(1996): Illuminate\Pipeline\Pipeline->then(Object(Closure))
#32 C:\xampp\htdocs\vicariati50\vendor\compiled.php(1983): Illuminate\Foundation\Http\Kernel->sendRequestThroughRouter(Object(Illuminate\Http\Request))
#33 C:\xampp\htdocs\vicariati50\public\index.php(55): Illuminate\Foundation\Http\Kernel->handle(Object(Illuminate\Http\Request))
#34 {main}  
