[2016-06-24 11:33:48] local.ERROR: exception 'ErrorException' with message 'implode(): Invalid arguments passed' in /home/albecar/app/Http/Controllers/CalendarioController.php:165
Stack trace:
#0 [internal function]: Illuminate\Foundation\Bootstrap\HandleExceptions->handleError(2, 'implode(): Inva...', '/home/albecar/a...', 165, Array)
#1 /home/albecar/app/Http/Controllers/CalendarioController.php(165): implode(',', NULL)
#2 /home/albecar/app/Http/Controllers/CalendarioController.php(22): App\Http\Controllers\CalendarioController->visualizzaCalendario('2016-06-1')
#3 [internal function]: App\Http\Controllers\CalendarioController->calendarioGeneraleLista()
#4 /home/albecar/vendor/compiled.php(8558): call_user_func_array(Array, Array)
#5 /home/albecar/vendor/compiled.php(8626): Illuminate\Routing\Controller->callAction('calendarioGener...', Array)
#6 /home/albecar/vendor/compiled.php(8605): Illuminate\Routing\ControllerDispatcher->call(Object(App\Http\Controllers\CalendarioController), Object(Illuminate\Routing\Route), 'calendarioGener...')
#7 [internal function]: Illuminate\Routing\ControllerDispatcher->Illuminate\Routing\{closure}(Object(Illuminate\Http\Request))
#8 /home/albecar/vendor/compiled.php(9244): call_user_func(Object(Closure), Object(Illuminate\Http\Request))
#9 [internal function]: Illuminate\Pipeline\Pipeline->Illuminate\Pipeline\{closure}(Object(Illuminate\Http\Request))
#10 /home/albecar/vendor/compiled.php(9227): call_user_func(Object(Closure), Object(Illuminate\Http\Request))
#11 /home/albecar/vendor/compiled.php(8606): Illuminate\Pipeline\Pipeline->then(Object(Closure))
#12 /home/albecar/vendor/compiled.php(8592): Illuminate\Routing\ControllerDispatcher->callWithinStack(Object(App\Http\Controllers\CalendarioController), Object(Illuminate\Routing\Route), Object(Illuminate\Http\Request), 'calendarioGener...')
#13 /home/albecar/vendor/compiled.php(7583): Illuminate\Routing\ControllerDispatcher->dispatch(Object(Illuminate\Routing\Route), Object(Illuminate\Http\Request), 'App\\Http\\Contro...', 'calendarioGener...')
#14 /home/albecar/vendor/compiled.php(7554): Illuminate\Routing\Route->runWithCustomDispatcher(Object(Illuminate\Http\Request))
#15 /home/albecar/vendor/compiled.php(7219): Illuminate\Routing\Route->run(Object(Illuminate\Http\Request))
#16 [internal function]: Illuminate\Routing\Router->Illuminate\Routing\{closure}(Object(Illuminate\Http\Request))
#17 /home/albecar/vendor/compiled.php(9244): call_user_func(Object(Closure), Object(Illuminate\Http\Request))
#18 [internal function]: Illuminate\Pipeline\Pipeline->Illuminate\Pipeline\{closure}(Object(Illuminate\Http\Request))
#19 /home/albecar/vendor/compiled.php(9227): call_user_func(Object(Closure), Object(Illuminate\Http\Request))
#20 /home/albecar/vendor/compiled.php(7220): Illuminate\Pipeline\Pipeline->then(Object(Closure))
#21 /home/albecar/vendor/compiled.php(7209): Illuminate\Routing\Router->runRouteWithinStack(Object(Illuminate\Routing\Route), Object(Illuminate\Http\Request))
#22 /home/albecar/vendor/compiled.php(7194): Illuminate\Routing\Router->dispatchToRoute(Object(Illuminate\Http\Request))
#23 /home/albecar/vendor/compiled.php(2040): Illuminate\Routing\Router->dispatch(Object(Illuminate\Http\Request))
#24 [internal function]: Illuminate\Foundation\Http\Kernel->Illuminate\Foundation\Http\{closure}(Object(Illuminate\Http\Request))
#25 /home/albecar/vendor/compiled.php(9244): call_user_func(Object(Closure), Object(Illuminate\Http\Request))
#26 /home/albecar/vendor/compiled.php(12416): Illuminate\Pipeline\Pipeline->Illuminate\Pipeline\{closure}(Object(Illuminate\Http\Request))
#27 /home/albecar/vendor/compiled.php(9236): Illuminate\View\Middleware\ShareErrorsFromSession->handle(Object(Illuminate\Http\Request), Object(Closure))
#28 /home/albecar/vendor/compiled.php(11106): Illuminate\Pipeline\Pipeline->Illuminate\Pipeline\{closure}(Object(Illuminate\Http\Request))
#29 /home/albecar/vendor/compiled.php(9236): Illuminate\Session\Middleware\StartSession->handle(Object(Illuminate\Http\Request), Object(Closure))
#30 /home/albecar/vendor/compiled.php(12118): Illuminate\Pipeline\Pipeline->Illuminate\Pipeline\{closure}(Object(Illuminate\Http\Request))
#31 /home/albecar/vendor/compiled.php(9236): Illuminate\Cookie\Middleware\AddQueuedCookiesToResponse->handle(Object(Illuminate\Http\Request), Object(Closure))
#32 /home/albecar/vendor/compiled.php(12066): Illuminate\Pipeline\Pipeline->Illuminate\Pipeline\{closure}(Object(Illuminate\Http\Request))
#33 /home/albecar/vendor/compiled.php(9236): Illuminate\Cookie\Middleware\EncryptCookies->handle(Object(Illuminate\Http\Request), Object(Closure))
#34 /home/albecar/vendor/compiled.php(2589): Illuminate\Pipeline\Pipeline->Illuminate\Pipeline\{closure}(Object(Illuminate\Http\Request))
#35 /home/albecar/vendor/compiled.php(9236): Illuminate\Foundation\Http\Middleware\CheckForMaintenanceMode->handle(Object(Illuminate\Http\Request), Object(Closure))
#36 [internal function]: Illuminate\Pipeline\Pipeline->Illuminate\Pipeline\{closure}(Object(Illuminate\Http\Request))
#37 /home/albecar/vendor/compiled.php(9227): call_user_func(Object(Closure), Object(Illuminate\Http\Request))
#38 /home/albecar/vendor/compiled.php(1996): Illuminate\Pipeline\Pipeline->then(Object(Closure))
#39 /home/albecar/vendor/compiled.php(1983): Illuminate\Foundation\Http\Kernel->sendRequestThroughRouter(Object(Illuminate\Http\Request))
#40 /home/albecar/public_html/index.php(55): Illuminate\Foundation\Http\Kernel->handle(Object(Illuminate\Http\Request))
#41 {main}  
[2016-06-24 13:22:47] local.ERROR: exception 'ErrorException' with message 'Trying to get property of non-object' in /home/albecar/app/Http/Controllers/ContactController.php:34
Stack trace:
#0 /home/albecar/app/Http/Controllers/ContactController.php(34): Illuminate\Foundation\Bootstrap\HandleExceptions->handleError(8, 'Trying to get p...', '/home/albecar/a...', 34, Array)
#1 [internal function]: App\Http\Controllers\ContactController->contattaParrocchia()
#2 /home/albecar/vendor/compiled.php(8558): call_user_func_array(Array, Array)
#3 /home/albecar/vendor/compiled.php(8626): Illuminate\Routing\Controller->callAction('contattaParrocc...', Array)
#4 /home/albecar/vendor/compiled.php(8605): Illuminate\Routing\ControllerDispatcher->call(Object(App\Http\Controllers\ContactController), Object(Illuminate\Routing\Route), 'contattaParrocc...')
#5 [internal function]: Illuminate\Routing\ControllerDispatcher->Illuminate\Routing\{closure}(Object(Illuminate\Http\Request))
#6 /home/albecar/vendor/compiled.php(9244): call_user_func(Object(Closure), Object(Illuminate\Http\Request))
#7 [internal function]: Illuminate\Pipeline\Pipeline->Illuminate\Pipeline\{closure}(Object(Illuminate\Http\Request))
#8 /home/albecar/vendor/compiled.php(9227): call_user_func(Object(Closure), Object(Illuminate\Http\Request))
#9 /home/albecar/vendor/compiled.php(8606): Illuminate\Pipeline\Pipeline->then(Object(Closure))
#10 /home/albecar/vendor/compiled.php(8592): Illuminate\Routing\ControllerDispatcher->callWithinStack(Object(App\Http\Controllers\ContactController), Object(Illuminate\Routing\Route), Object(Illuminate\Http\Request), 'contattaParrocc...')
#11 /home/albecar/vendor/compiled.php(7583): Illuminate\Routing\ControllerDispatcher->dispatch(Object(Illuminate\Routing\Route), Object(Illuminate\Http\Request), 'App\\Http\\Contro...', 'contattaParrocc...')
#12 /home/albecar/vendor/compiled.php(7554): Illuminate\Routing\Route->runWithCustomDispatcher(Object(Illuminate\Http\Request))
#13 /home/albecar/vendor/compiled.php(7219): Illuminate\Routing\Route->run(Object(Illuminate\Http\Request))
#14 [internal function]: Illuminate\Routing\Router->Illuminate\Routing\{closure}(Object(Illuminate\Http\Request))
#15 /home/albecar/vendor/compiled.php(9244): call_user_func(Object(Closure), Object(Illuminate\Http\Request))
#16 [internal function]: Illuminate\Pipeline\Pipeline->Illuminate\Pipeline\{closure}(Object(Illuminate\Http\Request))
#17 /home/albecar/vendor/compiled.php(9227): call_user_func(Object(Closure), Object(Illuminate\Http\Request))
#18 /home/albecar/vendor/compiled.php(7220): Illuminate\Pipeline\Pipeline->then(Object(Closure))
#19 /home/albecar/vendor/compiled.php(7209): Illuminate\Routing\Router->runRouteWithinStack(Object(Illuminate\Routing\Route), Object(Illuminate\Http\Request))
#20 /home/albecar/vendor/compiled.php(7194): Illuminate\Routing\Router->dispatchToRoute(Object(Illuminate\Http\Request))
#21 /home/albecar/vendor/compiled.php(2040): Illuminate\Routing\Router->dispatch(Object(Illuminate\Http\Request))
#22 [internal function]: Illuminate\Foundation\Http\Kernel->Illuminate\Foundation\Http\{closure}(Object(Illuminate\Http\Request))
#23 /home/albecar/vendor/compiled.php(9244): call_user_func(Object(Closure), Object(Illuminate\Http\Request))
#24 /home/albecar/vendor/compiled.php(12416): Illuminate\Pipeline\Pipeline->Illuminate\Pipeline\{closure}(Object(Illuminate\Http\Request))
#25 /home/albecar/vendor/compiled.php(9236): Illuminate\View\Middleware\ShareErrorsFromSession->handle(Object(Illuminate\Http\Request), Object(Closure))
#26 /home/albecar/vendor/compiled.php(11106): Illuminate\Pipeline\Pipeline->Illuminate\Pipeline\{closure}(Object(Illuminate\Http\Request))
#27 /home/albecar/vendor/compiled.php(9236): Illuminate\Session\Middleware\StartSession->handle(Object(Illuminate\Http\Request), Object(Closure))
#28 /home/albecar/vendor/compiled.php(12118): Illuminate\Pipeline\Pipeline->Illuminate\Pipeline\{closure}(Object(Illuminate\Http\Request))
#29 /home/albecar/vendor/compiled.php(9236): Illuminate\Cookie\Middleware\AddQueuedCookiesToResponse->handle(Object(Illuminate\Http\Request), Object(Closure))
#30 /home/albecar/vendor/compiled.php(12066): Illuminate\Pipeline\Pipeline->Illuminate\Pipeline\{closure}(Object(Illuminate\Http\Request))
#31 /home/albecar/vendor/compiled.php(9236): Illuminate\Cookie\Middleware\EncryptCookies->handle(Object(Illuminate\Http\Request), Object(Closure))
#32 /home/albecar/vendor/compiled.php(2589): Illuminate\Pipeline\Pipeline->Illuminate\Pipeline\{closure}(Object(Illuminate\Http\Request))
#33 /home/albecar/vendor/compiled.php(9236): Illuminate\Foundation\Http\Middleware\CheckForMaintenanceMode->handle(Object(Illuminate\Http\Request), Object(Closure))
#34 [internal function]: Illuminate\Pipeline\Pipeline->Illuminate\Pipeline\{closure}(Object(Illuminate\Http\Request))
#35 /home/albecar/vendor/compiled.php(9227): call_user_func(Object(Closure), Object(Illuminate\Http\Request))
#36 /home/albecar/vendor/compiled.php(1996): Illuminate\Pipeline\Pipeline->then(Object(Closure))
#37 /home/albecar/vendor/compiled.php(1983): Illuminate\Foundation\Http\Kernel->sendRequestThroughRouter(Object(Illuminate\Http\Request))
#38 /home/albecar/public_html/index.php(55): Illuminate\Foundation\Http\Kernel->handle(Object(Illuminate\Http\Request))
#39 {main}  
[2016-06-24 17:32:03] local.ERROR: exception 'ReflectionException' with message 'Class captcha does not exist' in /home/albecar/vendor/compiled.php:1068
Stack trace:
#0 /home/albecar/vendor/compiled.php(1068): ReflectionClass->__construct('captcha')
#1 /home/albecar/vendor/compiled.php(1019): Illuminate\Container\Container->build('captcha', Array)
#2 /home/albecar/vendor/compiled.php(1543): Illuminate\Container\Container->make('captcha', Array)
#3 /home/albecar/vendor/laravel/framework/src/Illuminate/Foundation/helpers.php(54): Illuminate\Foundation\Application->make('captcha', Array)
#4 /home/albecar/storage/framework/views/ffa8429e2a19434bdb9106eb148b2489(45): app('captcha')
#5 /home/albecar/vendor/compiled.php(14153): include('/home/albecar/s...')
#6 /home/albecar/vendor/compiled.php(14187): Illuminate\View\Engines\PhpEngine->evaluatePath('/home/albecar/s...', Array)
#7 /home/albecar/vendor/compiled.php(14024): Illuminate\View\Engines\CompilerEngine->get('/home/albecar/r...', Array)
#8 /home/albecar/vendor/compiled.php(14011): Illuminate\View\View->getContents()
#9 /home/albecar/vendor/compiled.php(13998): Illuminate\View\View->renderContents()
#10 /home/albecar/vendor/compiled.php(15107): Illuminate\View\View->render()
#11 /home/albecar/vendor/compiled.php(14633): Illuminate\Http\Response->setContent(Object(Illuminate\View\View))
#12 /home/albecar/vendor/compiled.php(7419): Symfony\Component\HttpFoundation\Response->__construct(Object(Illuminate\View\View))
#13 /home/albecar/vendor/compiled.php(7219): Illuminate\Routing\Router->prepareResponse(Object(Illuminate\Http\Request), Object(Illuminate\View\View))
#14 [internal function]: Illuminate\Routing\Router->Illuminate\Routing\{closure}(Object(Illuminate\Http\Request))
#15 /home/albecar/vendor/compiled.php(9244): call_user_func(Object(Closure), Object(Illuminate\Http\Request))
#16 [internal function]: Illuminate\Pipeline\Pipeline->Illuminate\Pipeline\{closure}(Object(Illuminate\Http\Request))
#17 /home/albecar/vendor/compiled.php(9227): call_user_func(Object(Closure), Object(Illuminate\Http\Request))
#18 /home/albecar/vendor/compiled.php(7220): Illuminate\Pipeline\Pipeline->then(Object(Closure))
#19 /home/albecar/vendor/compiled.php(7209): Illuminate\Routing\Router->runRouteWithinStack(Object(Illuminate\Routing\Route), Object(Illuminate\Http\Request))
#20 /home/albecar/vendor/compiled.php(7194): Illuminate\Routing\Router->dispatchToRoute(Object(Illuminate\Http\Request))
#21 /home/albecar/vendor/compiled.php(2040): Illuminate\Routing\Router->dispatch(Object(Illuminate\Http\Request))
#22 [internal function]: Illuminate\Foundation\Http\Kernel->Illuminate\Foundation\Http\{closure}(Object(Illuminate\Http\Request))
#23 /home/albecar/vendor/compiled.php(9244): call_user_func(Object(Closure), Object(Illuminate\Http\Request))
#24 /home/albecar/vendor/compiled.php(12416): Illuminate\Pipeline\Pipeline->Illuminate\Pipeline\{closure}(Object(Illuminate\Http\Request))
#25 /home/albecar/vendor/compiled.php(9236): Illuminate\View\Middleware\ShareErrorsFromSession->handle(Object(Illuminate\Http\Request), Object(Closure))
#26 /home/albecar/vendor/compiled.php(11106): Illuminate\Pipeline\Pipeline->Illuminate\Pipeline\{closure}(Object(Illuminate\Http\Request))
#27 /home/albecar/vendor/compiled.php(9236): Illuminate\Session\Middleware\StartSession->handle(Object(Illuminate\Http\Request), Object(Closure))
#28 /home/albecar/vendor/compiled.php(12118): Illuminate\Pipeline\Pipeline->Illuminate\Pipeline\{closure}(Object(Illuminate\Http\Request))
#29 /home/albecar/vendor/compiled.php(9236): Illuminate\Cookie\Middleware\AddQueuedCookiesToResponse->handle(Object(Illuminate\Http\Request), Object(Closure))
#30 /home/albecar/vendor/compiled.php(12066): Illuminate\Pipeline\Pipeline->Illuminate\Pipeline\{closure}(Object(Illuminate\Http\Request))
#31 /home/albecar/vendor/compiled.php(9236): Illuminate\Cookie\Middleware\EncryptCookies->handle(Object(Illuminate\Http\Request), Object(Closure))
#32 /home/albecar/vendor/compiled.php(2589): Illuminate\Pipeline\Pipeline->Illuminate\Pipeline\{closure}(Object(Illuminate\Http\Request))
#33 /home/albecar/vendor/compiled.php(9236): Illuminate\Foundation\Http\Middleware\CheckForMaintenanceMode->handle(Object(Illuminate\Http\Request), Object(Closure))
#34 [internal function]: Illuminate\Pipeline\Pipeline->Illuminate\Pipeline\{closure}(Object(Illuminate\Http\Request))
#35 /home/albecar/vendor/compiled.php(9227): call_user_func(Object(Closure), Object(Illuminate\Http\Request))
#36 /home/albecar/vendor/compiled.php(1996): Illuminate\Pipeline\Pipeline->then(Object(Closure))
#37 /home/albecar/vendor/compiled.php(1983): Illuminate\Foundation\Http\Kernel->sendRequestThroughRouter(Object(Illuminate\Http\Request))
#38 /home/albecar/public_html/index.php(55): Illuminate\Foundation\Http\Kernel->handle(Object(Illuminate\Http\Request))
#39 {main}

Next exception 'ErrorException' with message 'Class captcha does not exist (View: /home/albecar/resources/views/contatti/contactMain.blade.php)' in /home/albecar/vendor/compiled.php:1068
Stack trace:
#0 /home/albecar/vendor/compiled.php(14155): Illuminate\View\Engines\CompilerEngine->handleViewException(Object(ReflectionException), 1)
#1 /home/albecar/vendor/compiled.php(14187): Illuminate\View\Engines\PhpEngine->evaluatePath('/home/albecar/s...', Array)
#2 /home/albecar/vendor/compiled.php(14024): Illuminate\View\Engines\CompilerEngine->get('/home/albecar/r...', Array)
#3 /home/albecar/vendor/compiled.php(14011): Illuminate\View\View->getContents()
#4 /home/albecar/vendor/compiled.php(13998): Illuminate\View\View->renderContents()
#5 /home/albecar/vendor/compiled.php(15107): Illuminate\View\View->render()
#6 /home/albecar/vendor/compiled.php(14633): Illuminate\Http\Response->setContent(Object(Illuminate\View\View))
#7 /home/albecar/vendor/compiled.php(7419): Symfony\Component\HttpFoundation\Response->__construct(Object(Illuminate\View\View))
#8 /home/albecar/vendor/compiled.php(7219): Illuminate\Routing\Router->prepareResponse(Object(Illuminate\Http\Request), Object(Illuminate\View\View))
#9 [internal function]: Illuminate\Routing\Router->Illuminate\Routing\{closure}(Object(Illuminate\Http\Request))
#10 /home/albecar/vendor/compiled.php(9244): call_user_func(Object(Closure), Object(Illuminate\Http\Request))
#11 [internal function]: Illuminate\Pipeline\Pipeline->Illuminate\Pipeline\{closure}(Object(Illuminate\Http\Request))
#12 /home/albecar/vendor/compiled.php(9227): call_user_func(Object(Closure), Object(Illuminate\Http\Request))
#13 /home/albecar/vendor/compiled.php(7220): Illuminate\Pipeline\Pipeline->then(Object(Closure))
#14 /home/albecar/vendor/compiled.php(7209): Illuminate\Routing\Router->runRouteWithinStack(Object(Illuminate\Routing\Route), Object(Illuminate\Http\Request))
#15 /home/albecar/vendor/compiled.php(7194): Illuminate\Routing\Router->dispatchToRoute(Object(Illuminate\Http\Request))
#16 /home/albecar/vendor/compiled.php(2040): Illuminate\Routing\Router->dispatch(Object(Illuminate\Http\Request))
#17 [internal function]: Illuminate\Foundation\Http\Kernel->Illuminate\Foundation\Http\{closure}(Object(Illuminate\Http\Request))
#18 /home/albecar/vendor/compiled.php(9244): call_user_func(Object(Closure), Object(Illuminate\Http\Request))
#19 /home/albecar/vendor/compiled.php(12416): Illuminate\Pipeline\Pipeline->Illuminate\Pipeline\{closure}(Object(Illuminate\Http\Request))
#20 /home/albecar/vendor/compiled.php(9236): Illuminate\View\Middleware\ShareErrorsFromSession->handle(Object(Illuminate\Http\Request), Object(Closure))
#21 /home/albecar/vendor/compiled.php(11106): Illuminate\Pipeline\Pipeline->Illuminate\Pipeline\{closure}(Object(Illuminate\Http\Request))
#22 /home/albecar/vendor/compiled.php(9236): Illuminate\Session\Middleware\StartSession->handle(Object(Illuminate\Http\Request), Object(Closure))
#23 /home/albecar/vendor/compiled.php(12118): Illuminate\Pipeline\Pipeline->Illuminate\Pipeline\{closure}(Object(Illuminate\Http\Request))
#24 /home/albecar/vendor/compiled.php(9236): Illuminate\Cookie\Middleware\AddQueuedCookiesToResponse->handle(Object(Illuminate\Http\Request), Object(Closure))
#25 /home/albecar/vendor/compiled.php(12066): Illuminate\Pipeline\Pipeline->Illuminate\Pipeline\{closure}(Object(Illuminate\Http\Request))
#26 /home/albecar/vendor/compiled.php(9236): Illuminate\Cookie\Middleware\EncryptCookies->handle(Object(Illuminate\Http\Request), Object(Closure))
#27 /home/albecar/vendor/compiled.php(2589): Illuminate\Pipeline\Pipeline->Illuminate\Pipeline\{closure}(Object(Illuminate\Http\Request))
#28 /home/albecar/vendor/compiled.php(9236): Illuminate\Foundation\Http\Middleware\CheckForMaintenanceMode->handle(Object(Illuminate\Http\Request), Object(Closure))
#29 [internal function]: Illuminate\Pipeline\Pipeline->Illuminate\Pipeline\{closure}(Object(Illuminate\Http\Request))
#30 /home/albecar/vendor/compiled.php(9227): call_user_func(Object(Closure), Object(Illuminate\Http\Request))
#31 /home/albecar/vendor/compiled.php(1996): Illuminate\Pipeline\Pipeline->then(Object(Closure))
#32 /home/albecar/vendor/compiled.php(1983): Illuminate\Foundation\Http\Kernel->sendRequestThroughRouter(Object(Illuminate\Http\Request))
#33 /home/albecar/public_html/index.php(55): Illuminate\Foundation\Http\Kernel->handle(Object(Illuminate\Http\Request))
#34 {main}  
[2016-06-24 21:16:34] local.ERROR: exception 'ErrorException' with message 'implode(): Invalid arguments passed' in /home/albecar/app/Http/Controllers/CalendarioController.php:165
Stack trace:
#0 [internal function]: Illuminate\Foundation\Bootstrap\HandleExceptions->handleError(2, 'implode(): Inva...', '/home/albecar/a...', 165, Array)
#1 /home/albecar/app/Http/Controllers/CalendarioController.php(165): implode(',', NULL)
#2 /home/albecar/app/Http/Controllers/CalendarioController.php(22): App\Http\Controllers\CalendarioController->visualizzaCalendario('2016-06-1')
#3 [internal function]: App\Http\Controllers\CalendarioController->calendarioGeneraleLista()
#4 /home/albecar/vendor/compiled.php(8558): call_user_func_array(Array, Array)
#5 /home/albecar/vendor/compiled.php(8626): Illuminate\Routing\Controller->callAction('calendarioGener...', Array)
#6 /home/albecar/vendor/compiled.php(8605): Illuminate\Routing\ControllerDispatcher->call(Object(App\Http\Controllers\CalendarioController), Object(Illuminate\Routing\Route), 'calendarioGener...')
#7 [internal function]: Illuminate\Routing\ControllerDispatcher->Illuminate\Routing\{closure}(Object(Illuminate\Http\Request))
#8 /home/albecar/vendor/compiled.php(9244): call_user_func(Object(Closure), Object(Illuminate\Http\Request))
#9 [internal function]: Illuminate\Pipeline\Pipeline->Illuminate\Pipeline\{closure}(Object(Illuminate\Http\Request))
#10 /home/albecar/vendor/compiled.php(9227): call_user_func(Object(Closure), Object(Illuminate\Http\Request))
#11 /home/albecar/vendor/compiled.php(8606): Illuminate\Pipeline\Pipeline->then(Object(Closure))
#12 /home/albecar/vendor/compiled.php(8592): Illuminate\Routing\ControllerDispatcher->callWithinStack(Object(App\Http\Controllers\CalendarioController), Object(Illuminate\Routing\Route), Object(Illuminate\Http\Request), 'calendarioGener...')
#13 /home/albecar/vendor/compiled.php(7583): Illuminate\Routing\ControllerDispatcher->dispatch(Object(Illuminate\Routing\Route), Object(Illuminate\Http\Request), 'App\\Http\\Contro...', 'calendarioGener...')
#14 /home/albecar/vendor/compiled.php(7554): Illuminate\Routing\Route->runWithCustomDispatcher(Object(Illuminate\Http\Request))
#15 /home/albecar/vendor/compiled.php(7219): Illuminate\Routing\Route->run(Object(Illuminate\Http\Request))
#16 [internal function]: Illuminate\Routing\Router->Illuminate\Routing\{closure}(Object(Illuminate\Http\Request))
#17 /home/albecar/vendor/compiled.php(9244): call_user_func(Object(Closure), Object(Illuminate\Http\Request))
#18 [internal function]: Illuminate\Pipeline\Pipeline->Illuminate\Pipeline\{closure}(Object(Illuminate\Http\Request))
#19 /home/albecar/vendor/compiled.php(9227): call_user_func(Object(Closure), Object(Illuminate\Http\Request))
#20 /home/albecar/vendor/compiled.php(7220): Illuminate\Pipeline\Pipeline->then(Object(Closure))
#21 /home/albecar/vendor/compiled.php(7209): Illuminate\Routing\Router->runRouteWithinStack(Object(Illuminate\Routing\Route), Object(Illuminate\Http\Request))
#22 /home/albecar/vendor/compiled.php(7194): Illuminate\Routing\Router->dispatchToRoute(Object(Illuminate\Http\Request))
#23 /home/albecar/vendor/compiled.php(2040): Illuminate\Routing\Router->dispatch(Object(Illuminate\Http\Request))
#24 [internal function]: Illuminate\Foundation\Http\Kernel->Illuminate\Foundation\Http\{closure}(Object(Illuminate\Http\Request))
#25 /home/albecar/vendor/compiled.php(9244): call_user_func(Object(Closure), Object(Illuminate\Http\Request))
#26 /home/albecar/vendor/compiled.php(12416): Illuminate\Pipeline\Pipeline->Illuminate\Pipeline\{closure}(Object(Illuminate\Http\Request))
#27 /home/albecar/vendor/compiled.php(9236): Illuminate\View\Middleware\ShareErrorsFromSession->handle(Object(Illuminate\Http\Request), Object(Closure))
#28 /home/albecar/vendor/compiled.php(11106): Illuminate\Pipeline\Pipeline->Illuminate\Pipeline\{closure}(Object(Illuminate\Http\Request))
#29 /home/albecar/vendor/compiled.php(9236): Illuminate\Session\Middleware\StartSession->handle(Object(Illuminate\Http\Request), Object(Closure))
#30 /home/albecar/vendor/compiled.php(12118): Illuminate\Pipeline\Pipeline->Illuminate\Pipeline\{closure}(Object(Illuminate\Http\Request))
#31 /home/albecar/vendor/compiled.php(9236): Illuminate\Cookie\Middleware\AddQueuedCookiesToResponse->handle(Object(Illuminate\Http\Request), Object(Closure))
#32 /home/albecar/vendor/compiled.php(12066): Illuminate\Pipeline\Pipeline->Illuminate\Pipeline\{closure}(Object(Illuminate\Http\Request))
#33 /home/albecar/vendor/compiled.php(9236): Illuminate\Cookie\Middleware\EncryptCookies->handle(Object(Illuminate\Http\Request), Object(Closure))
#34 /home/albecar/vendor/compiled.php(2589): Illuminate\Pipeline\Pipeline->Illuminate\Pipeline\{closure}(Object(Illuminate\Http\Request))
#35 /home/albecar/vendor/compiled.php(9236): Illuminate\Foundation\Http\Middleware\CheckForMaintenanceMode->handle(Object(Illuminate\Http\Request), Object(Closure))
#36 [internal function]: Illuminate\Pipeline\Pipeline->Illuminate\Pipeline\{closure}(Object(Illuminate\Http\Request))
#37 /home/albecar/vendor/compiled.php(9227): call_user_func(Object(Closure), Object(Illuminate\Http\Request))
#38 /home/albecar/vendor/compiled.php(1996): Illuminate\Pipeline\Pipeline->then(Object(Closure))
#39 /home/albecar/vendor/compiled.php(1983): Illuminate\Foundation\Http\Kernel->sendRequestThroughRouter(Object(Illuminate\Http\Request))
#40 /home/albecar/public_html/index.php(55): Illuminate\Foundation\Http\Kernel->handle(Object(Illuminate\Http\Request))
#41 {main}  
[2016-06-24 21:35:50] local.ERROR: exception 'ReflectionException' with message 'Class captcha does not exist' in /home/albecar/vendor/compiled.php:1068
Stack trace:
#0 /home/albecar/vendor/compiled.php(1068): ReflectionClass->__construct('captcha')
#1 /home/albecar/vendor/compiled.php(1019): Illuminate\Container\Container->build('captcha', Array)
#2 /home/albecar/vendor/compiled.php(1543): Illuminate\Container\Container->make('captcha', Array)
#3 /home/albecar/vendor/laravel/framework/src/Illuminate/Foundation/helpers.php(54): Illuminate\Foundation\Application->make('captcha', Array)
#4 /home/albecar/storage/framework/views/ffa8429e2a19434bdb9106eb148b2489(45): app('captcha')
#5 /home/albecar/vendor/compiled.php(14153): include('/home/albecar/s...')
#6 /home/albecar/vendor/compiled.php(14187): Illuminate\View\Engines\PhpEngine->evaluatePath('/home/albecar/s...', Array)
#7 /home/albecar/vendor/compiled.php(14024): Illuminate\View\Engines\CompilerEngine->get('/home/albecar/r...', Array)
#8 /home/albecar/vendor/compiled.php(14011): Illuminate\View\View->getContents()
#9 /home/albecar/vendor/compiled.php(13998): Illuminate\View\View->renderContents()
#10 /home/albecar/vendor/compiled.php(15107): Illuminate\View\View->render()
#11 /home/albecar/vendor/compiled.php(14633): Illuminate\Http\Response->setContent(Object(Illuminate\View\View))
#12 /home/albecar/vendor/compiled.php(7419): Symfony\Component\HttpFoundation\Response->__construct(Object(Illuminate\View\View))
#13 /home/albecar/vendor/compiled.php(7219): Illuminate\Routing\Router->prepareResponse(Object(Illuminate\Http\Request), Object(Illuminate\View\View))
#14 [internal function]: Illuminate\Routing\Router->Illuminate\Routing\{closure}(Object(Illuminate\Http\Request))
#15 /home/albecar/vendor/compiled.php(9244): call_user_func(Object(Closure), Object(Illuminate\Http\Request))
#16 [internal function]: Illuminate\Pipeline\Pipeline->Illuminate\Pipeline\{closure}(Object(Illuminate\Http\Request))
#17 /home/albecar/vendor/compiled.php(9227): call_user_func(Object(Closure), Object(Illuminate\Http\Request))
#18 /home/albecar/vendor/compiled.php(7220): Illuminate\Pipeline\Pipeline->then(Object(Closure))
#19 /home/albecar/vendor/compiled.php(7209): Illuminate\Routing\Router->runRouteWithinStack(Object(Illuminate\Routing\Route), Object(Illuminate\Http\Request))
#20 /home/albecar/vendor/compiled.php(7194): Illuminate\Routing\Router->dispatchToRoute(Object(Illuminate\Http\Request))
#21 /home/albecar/vendor/compiled.php(2040): Illuminate\Routing\Router->dispatch(Object(Illuminate\Http\Request))
#22 [internal function]: Illuminate\Foundation\Http\Kernel->Illuminate\Foundation\Http\{closure}(Object(Illuminate\Http\Request))
#23 /home/albecar/vendor/compiled.php(9244): call_user_func(Object(Closure), Object(Illuminate\Http\Request))
#24 /home/albecar/vendor/compiled.php(12416): Illuminate\Pipeline\Pipeline->Illuminate\Pipeline\{closure}(Object(Illuminate\Http\Request))
#25 /home/albecar/vendor/compiled.php(9236): Illuminate\View\Middleware\ShareErrorsFromSession->handle(Object(Illuminate\Http\Request), Object(Closure))
#26 /home/albecar/vendor/compiled.php(11106): Illuminate\Pipeline\Pipeline->Illuminate\Pipeline\{closure}(Object(Illuminate\Http\Request))
#27 /home/albecar/vendor/compiled.php(9236): Illuminate\Session\Middleware\StartSession->handle(Object(Illuminate\Http\Request), Object(Closure))
#28 /home/albecar/vendor/compiled.php(12118): Illuminate\Pipeline\Pipeline->Illuminate\Pipeline\{closure}(Object(Illuminate\Http\Request))
#29 /home/albecar/vendor/compiled.php(9236): Illuminate\Cookie\Middleware\AddQueuedCookiesToResponse->handle(Object(Illuminate\Http\Request), Object(Closure))
#30 /home/albecar/vendor/compiled.php(12066): Illuminate\Pipeline\Pipeline->Illuminate\Pipeline\{closure}(Object(Illuminate\Http\Request))
#31 /home/albecar/vendor/compiled.php(9236): Illuminate\Cookie\Middleware\EncryptCookies->handle(Object(Illuminate\Http\Request), Object(Closure))
#32 /home/albecar/vendor/compiled.php(2589): Illuminate\Pipeline\Pipeline->Illuminate\Pipeline\{closure}(Object(Illuminate\Http\Request))
#33 /home/albecar/vendor/compiled.php(9236): Illuminate\Foundation\Http\Middleware\CheckForMaintenanceMode->handle(Object(Illuminate\Http\Request), Object(Closure))
#34 [internal function]: Illuminate\Pipeline\Pipeline->Illuminate\Pipeline\{closure}(Object(Illuminate\Http\Request))
#35 /home/albecar/vendor/compiled.php(9227): call_user_func(Object(Closure), Object(Illuminate\Http\Request))
#36 /home/albecar/vendor/compiled.php(1996): Illuminate\Pipeline\Pipeline->then(Object(Closure))
#37 /home/albecar/vendor/compiled.php(1983): Illuminate\Foundation\Http\Kernel->sendRequestThroughRouter(Object(Illuminate\Http\Request))
#38 /home/albecar/public_html/index.php(55): Illuminate\Foundation\Http\Kernel->handle(Object(Illuminate\Http\Request))
#39 {main}

Next exception 'ErrorException' with message 'Class captcha does not exist (View: /home/albecar/resources/views/contatti/contactMain.blade.php)' in /home/albecar/vendor/compiled.php:1068
Stack trace:
#0 /home/albecar/vendor/compiled.php(14155): Illuminate\View\Engines\CompilerEngine->handleViewException(Object(ReflectionException), 1)
#1 /home/albecar/vendor/compiled.php(14187): Illuminate\View\Engines\PhpEngine->evaluatePath('/home/albecar/s...', Array)
#2 /home/albecar/vendor/compiled.php(14024): Illuminate\View\Engines\CompilerEngine->get('/home/albecar/r...', Array)
#3 /home/albecar/vendor/compiled.php(14011): Illuminate\View\View->getContents()
#4 /home/albecar/vendor/compiled.php(13998): Illuminate\View\View->renderContents()
#5 /home/albecar/vendor/compiled.php(15107): Illuminate\View\View->render()
#6 /home/albecar/vendor/compiled.php(14633): Illuminate\Http\Response->setContent(Object(Illuminate\View\View))
#7 /home/albecar/vendor/compiled.php(7419): Symfony\Component\HttpFoundation\Response->__construct(Object(Illuminate\View\View))
#8 /home/albecar/vendor/compiled.php(7219): Illuminate\Routing\Router->prepareResponse(Object(Illuminate\Http\Request), Object(Illuminate\View\View))
#9 [internal function]: Illuminate\Routing\Router->Illuminate\Routing\{closure}(Object(Illuminate\Http\Request))
#10 /home/albecar/vendor/compiled.php(9244): call_user_func(Object(Closure), Object(Illuminate\Http\Request))
#11 [internal function]: Illuminate\Pipeline\Pipeline->Illuminate\Pipeline\{closure}(Object(Illuminate\Http\Request))
#12 /home/albecar/vendor/compiled.php(9227): call_user_func(Object(Closure), Object(Illuminate\Http\Request))
#13 /home/albecar/vendor/compiled.php(7220): Illuminate\Pipeline\Pipeline->then(Object(Closure))
#14 /home/albecar/vendor/compiled.php(7209): Illuminate\Routing\Router->runRouteWithinStack(Object(Illuminate\Routing\Route), Object(Illuminate\Http\Request))
#15 /home/albecar/vendor/compiled.php(7194): Illuminate\Routing\Router->dispatchToRoute(Object(Illuminate\Http\Request))
#16 /home/albecar/vendor/compiled.php(2040): Illuminate\Routing\Router->dispatch(Object(Illuminate\Http\Request))
#17 [internal function]: Illuminate\Foundation\Http\Kernel->Illuminate\Foundation\Http\{closure}(Object(Illuminate\Http\Request))
#18 /home/albecar/vendor/compiled.php(9244): call_user_func(Object(Closure), Object(Illuminate\Http\Request))
#19 /home/albecar/vendor/compiled.php(12416): Illuminate\Pipeline\Pipeline->Illuminate\Pipeline\{closure}(Object(Illuminate\Http\Request))
#20 /home/albecar/vendor/compiled.php(9236): Illuminate\View\Middleware\ShareErrorsFromSession->handle(Object(Illuminate\Http\Request), Object(Closure))
#21 /home/albecar/vendor/compiled.php(11106): Illuminate\Pipeline\Pipeline->Illuminate\Pipeline\{closure}(Object(Illuminate\Http\Request))
#22 /home/albecar/vendor/compiled.php(9236): Illuminate\Session\Middleware\StartSession->handle(Object(Illuminate\Http\Request), Object(Closure))
#23 /home/albecar/vendor/compiled.php(12118): Illuminate\Pipeline\Pipeline->Illuminate\Pipeline\{closure}(Object(Illuminate\Http\Request))
#24 /home/albecar/vendor/compiled.php(9236): Illuminate\Cookie\Middleware\AddQueuedCookiesToResponse->handle(Object(Illuminate\Http\Request), Object(Closure))
#25 /home/albecar/vendor/compiled.php(12066): Illuminate\Pipeline\Pipeline->Illuminate\Pipeline\{closure}(Object(Illuminate\Http\Request))
#26 /home/albecar/vendor/compiled.php(9236): Illuminate\Cookie\Middleware\EncryptCookies->handle(Object(Illuminate\Http\Request), Object(Closure))
#27 /home/albecar/vendor/compiled.php(2589): Illuminate\Pipeline\Pipeline->Illuminate\Pipeline\{closure}(Object(Illuminate\Http\Request))
#28 /home/albecar/vendor/compiled.php(9236): Illuminate\Foundation\Http\Middleware\CheckForMaintenanceMode->handle(Object(Illuminate\Http\Request), Object(Closure))
#29 [internal function]: Illuminate\Pipeline\Pipeline->Illuminate\Pipeline\{closure}(Object(Illuminate\Http\Request))
#30 /home/albecar/vendor/compiled.php(9227): call_user_func(Object(Closure), Object(Illuminate\Http\Request))
#31 /home/albecar/vendor/compiled.php(1996): Illuminate\Pipeline\Pipeline->then(Object(Closure))
#32 /home/albecar/vendor/compiled.php(1983): Illuminate\Foundation\Http\Kernel->sendRequestThroughRouter(Object(Illuminate\Http\Request))
#33 /home/albecar/public_html/index.php(55): Illuminate\Foundation\Http\Kernel->handle(Object(Illuminate\Http\Request))
#34 {main}  
